07:20:55.436 [main] INFO  testCases.TC_001_AccountRegistrationTest - *** Stating TC_001_AccountRegistrationTest ***
07:20:55.565 [main] INFO  testCases.TC_001_AccountRegistrationTest - Clicked on My Account link
07:20:56.061 [main] INFO  testCases.TC_001_AccountRegistrationTest - Clicked on Register link
07:20:56.074 [main] INFO  testCases.TC_001_AccountRegistrationTest - Providing customer data
07:20:59.230 [main] INFO  testCases.TC_001_AccountRegistrationTest - Validating expected Message
07:20:59.230 [main] INFO  testCases.TC_001_AccountRegistrationTest - *** Finished TC_001_AccountRegistrationTest ***
07:51:55.271 [main] INFO  testCases.TC_001_AccountRegistrationTest - *** Stating TC_001_AccountRegistrationTest ***
07:51:56.168 [main] INFO  testCases.TC_001_AccountRegistrationTest - Clicked on My Account link
07:51:57.245 [main] INFO  testCases.TC_001_AccountRegistrationTest - Clicked on Register link
07:51:57.347 [main] INFO  testCases.TC_001_AccountRegistrationTest - Providing customer data
07:52:02.191 [main] INFO  testCases.TC_001_AccountRegistrationTest - Validating expected Message
07:52:02.202 [main] INFO  testCases.TC_001_AccountRegistrationTest - *** Finished TC_001_AccountRegistrationTest ***
08:05:53.754 [main] INFO  testCases.TC_001_AccountRegistrationTest - *** Stating TC_001_AccountRegistrationTest ***
08:05:54.339 [main] INFO  testCases.TC_001_AccountRegistrationTest - Clicked on My Account link
08:05:55.325 [main] INFO  testCases.TC_001_AccountRegistrationTest - Clicked on Register link
08:05:55.336 [main] INFO  testCases.TC_001_AccountRegistrationTest - Providing customer data
08:06:00.778 [main] INFO  testCases.TC_001_AccountRegistrationTest - Validating expected Message
08:06:00.785 [main] INFO  testCases.TC_001_AccountRegistrationTest - *** Finished TC_001_AccountRegistrationTest ***
08:06:34.981 [main] INFO  testCases.TC_001_AccountRegistrationTest - *** Stating TC_001_AccountRegistrationTest ***
08:06:35.144 [main] INFO  testCases.TC_001_AccountRegistrationTest - Clicked on My Account link
08:06:35.917 [main] INFO  testCases.TC_001_AccountRegistrationTest - Clicked on Register link
08:06:35.924 [main] INFO  testCases.TC_001_AccountRegistrationTest - Providing customer data
08:06:40.980 [main] INFO  testCases.TC_001_AccountRegistrationTest - Validating expected Message
08:06:40.983 [main] INFO  testCases.TC_001_AccountRegistrationTest - *** Finished TC_001_AccountRegistrationTest ***
08:12:33.024 [TestNG-tests-1] INFO  testCases.TC_001_AccountRegistrationTest - *** Stating TC_001_AccountRegistrationTest ***
08:12:33.102 [TestNG-tests-2] INFO  testCases.TC_001_AccountRegistrationTest - *** Stating TC_001_AccountRegistrationTest ***
08:12:33.313 [TestNG-tests-2] INFO  testCases.TC_001_AccountRegistrationTest - Clicked on My Account link
08:12:33.829 [TestNG-tests-1] INFO  testCases.TC_001_AccountRegistrationTest - Clicked on My Account link
08:12:34.332 [TestNG-tests-2] INFO  testCases.TC_001_AccountRegistrationTest - Clicked on Register link
08:12:34.351 [TestNG-tests-2] INFO  testCases.TC_001_AccountRegistrationTest - Providing customer data
08:12:35.260 [TestNG-tests-1] INFO  testCases.TC_001_AccountRegistrationTest - Clicked on Register link
08:12:35.266 [TestNG-tests-1] INFO  testCases.TC_001_AccountRegistrationTest - Providing customer data
08:12:39.732 [TestNG-tests-2] INFO  testCases.TC_001_AccountRegistrationTest - Validating expected Message
08:12:39.735 [TestNG-tests-2] INFO  testCases.TC_001_AccountRegistrationTest - *** Finished TC_001_AccountRegistrationTest ***
08:12:39.746 [TestNG-tests-1] INFO  testCases.TC_001_AccountRegistrationTest - Validating expected Message
08:12:39.748 [TestNG-tests-1] INFO  testCases.TC_001_AccountRegistrationTest - *** Finished TC_001_AccountRegistrationTest ***
08:26:23.420 [main] INFO  testCases.TC_001_AccountRegistrationTest - *** Stating TC_001_AccountRegistrationTest ***
08:26:24.276 [main] INFO  testCases.TC_001_AccountRegistrationTest - Clicked on My Account link
08:26:25.331 [main] INFO  testCases.TC_001_AccountRegistrationTest - Clicked on Register link
08:26:25.346 [main] INFO  testCases.TC_001_AccountRegistrationTest - Providing customer data
08:26:30.877 [main] INFO  testCases.TC_001_AccountRegistrationTest - Validating expected Message
08:26:30.887 [main] INFO  testCases.TC_001_AccountRegistrationTest - *** Finished TC_001_AccountRegistrationTest ***
09:04:00.305 [main] INFO  testCases.TC_001_AccountRegistrationTest - *** Stating TC_001_AccountRegistrationTest ***
09:04:01.104 [main] INFO  testCases.TC_001_AccountRegistrationTest - Clicked on My Account link
09:04:02.055 [main] INFO  testCases.TC_001_AccountRegistrationTest - Clicked on Register link
09:04:02.064 [main] INFO  testCases.TC_001_AccountRegistrationTest - Providing customer data
09:04:07.145 [main] INFO  testCases.TC_001_AccountRegistrationTest - Validating expected Message
09:04:07.161 [main] INFO  testCases.TC_001_AccountRegistrationTest - *** Finished TC_001_AccountRegistrationTest ***
09:08:37.010 [main] INFO  testCases.TC_001_AccountRegistrationTest - *** Stating TC_001_AccountRegistrationTest ***
09:08:37.844 [main] INFO  testCases.TC_001_AccountRegistrationTest - Clicked on My Account link
09:08:38.722 [main] INFO  testCases.TC_001_AccountRegistrationTest - Clicked on Register link
09:08:38.735 [main] INFO  testCases.TC_001_AccountRegistrationTest - Providing customer data
09:08:51.583 [main] INFO  testCases.TC_001_AccountRegistrationTest - Validating expected Message
14:27:56.584 [main] INFO  testCases.TC_002_LoginTest - *** Starting TC_002_LoginTest ***
14:27:57.420 [main] INFO  testCases.TC_002_LoginTest - Clicked on My Account
14:27:58.278 [main] INFO  testCases.TC_002_LoginTest - Clicked on login
14:27:58.286 [main] INFO  testCases.TC_002_LoginTest - Provide username and password for login
14:27:59.982 [main] INFO  testCases.TC_002_LoginTest - Clicked on Login button
14:28:00.266 [main] INFO  testCases.TC_002_LoginTest - *** finished TC_002_LoginTest ***
14:15:28.816 [main] INFO  testCases.TC_003_LoginDataDrivenTest -  Starting TC_003_LoginDataDrivenTest 
14:15:39.131 [main] INFO  testCases.TC_003_LoginDataDrivenTest -  Starting TC_003_LoginDataDrivenTest 
14:15:49.345 [main] INFO  testCases.TC_003_LoginDataDrivenTest -  Starting TC_003_LoginDataDrivenTest 
14:16:52.944 [main] INFO  testCases.TC_003_LoginDataDrivenTest -  Starting TC_003_LoginDataDrivenTest 
14:17:05.076 [main] INFO  testCases.TC_003_LoginDataDrivenTest -  Finished TC_003_LoginDataDrivenTest
14:17:05.109 [main] INFO  testCases.TC_003_LoginDataDrivenTest -  Starting TC_003_LoginDataDrivenTest 
14:17:15.977 [main] INFO  testCases.TC_003_LoginDataDrivenTest -  Finished TC_003_LoginDataDrivenTest
14:17:15.980 [main] INFO  testCases.TC_003_LoginDataDrivenTest -  Starting TC_003_LoginDataDrivenTest 
14:17:26.978 [main] INFO  testCases.TC_003_LoginDataDrivenTest -  Finished TC_003_LoginDataDrivenTest
14:17:26.981 [main] INFO  testCases.TC_003_LoginDataDrivenTest -  Starting TC_003_LoginDataDrivenTest 
14:17:37.761 [main] INFO  testCases.TC_003_LoginDataDrivenTest -  Finished TC_003_LoginDataDrivenTest
14:17:37.765 [main] INFO  testCases.TC_003_LoginDataDrivenTest -  Starting TC_003_LoginDataDrivenTest 
14:19:54.995 [main] INFO  testCases.TC_003_LoginDataDrivenTest -  Starting TC_003_LoginDataDrivenTest 
14:20:06.862 [main] INFO  testCases.TC_003_LoginDataDrivenTest -  Finished TC_003_LoginDataDrivenTest
14:20:06.886 [main] INFO  testCases.TC_003_LoginDataDrivenTest -  Starting TC_003_LoginDataDrivenTest 
14:20:17.737 [main] INFO  testCases.TC_003_LoginDataDrivenTest -  Finished TC_003_LoginDataDrivenTest
14:20:17.745 [main] INFO  testCases.TC_003_LoginDataDrivenTest -  Starting TC_003_LoginDataDrivenTest 
14:20:19.584 [main] INFO  testCases.TC_003_LoginDataDrivenTest -  Finished TC_003_LoginDataDrivenTest
15:29:52.077 [main] INFO  testCases.TC_001_AccountRegistrationTest - *** Stating TC_001_AccountRegistrationTest ***
15:29:52.291 [main] INFO  testCases.TC_001_AccountRegistrationTest - Clicked on My Account link
15:29:54.013 [main] INFO  testCases.TC_001_AccountRegistrationTest - Clicked on Register link
15:29:54.023 [main] INFO  testCases.TC_001_AccountRegistrationTest - Providing customer data
15:30:00.453 [main] INFO  testCases.TC_001_AccountRegistrationTest - Validating expected Message
15:30:00.459 [main] INFO  testCases.TC_001_AccountRegistrationTest - *** Finished TC_001_AccountRegistrationTest ***
15:30:05.837 [main] INFO  testCases.TC_002_LoginTest - *** Starting TC_002_LoginTest ***
15:30:06.637 [main] INFO  testCases.TC_002_LoginTest - Clicked on My Account
15:30:07.539 [main] INFO  testCases.TC_002_LoginTest - Clicked on login
15:30:07.544 [main] INFO  testCases.TC_002_LoginTest - Provide username and password for login
15:30:08.882 [main] INFO  testCases.TC_002_LoginTest - Clicked on Login button
15:30:08.974 [main] INFO  testCases.TC_002_LoginTest - *** finished TC_002_LoginTest ***
15:31:07.475 [main] INFO  testCases.TC_001_AccountRegistrationTest - *** Stating TC_001_AccountRegistrationTest ***
15:31:08.636 [main] INFO  testCases.TC_001_AccountRegistrationTest - Clicked on My Account link
15:31:09.387 [main] INFO  testCases.TC_001_AccountRegistrationTest - Clicked on Register link
15:31:09.393 [main] INFO  testCases.TC_001_AccountRegistrationTest - Providing customer data
15:31:15.112 [main] INFO  testCases.TC_001_AccountRegistrationTest - Validating expected Message
15:31:15.119 [main] INFO  testCases.TC_001_AccountRegistrationTest - *** Finished TC_001_AccountRegistrationTest ***
15:31:19.473 [main] INFO  testCases.TC_002_LoginTest - *** Starting TC_002_LoginTest ***
15:31:19.733 [main] INFO  testCases.TC_002_LoginTest - Clicked on My Account
15:31:20.447 [main] INFO  testCases.TC_002_LoginTest - Clicked on login
15:31:20.451 [main] INFO  testCases.TC_002_LoginTest - Provide username and password for login
15:31:21.936 [main] INFO  testCases.TC_002_LoginTest - Clicked on Login button
15:31:22.117 [main] INFO  testCases.TC_002_LoginTest - *** finished TC_002_LoginTest ***
19:12:25.286 [main] INFO  testCases.TC_001_AccountRegistrationTest - *** Stating TC_001_AccountRegistrationTest ***
19:12:25.611 [main] INFO  testCases.TC_001_AccountRegistrationTest - Clicked on My Account link
19:12:26.320 [main] INFO  testCases.TC_001_AccountRegistrationTest - Clicked on Register link
19:12:26.429 [main] INFO  testCases.TC_001_AccountRegistrationTest - Providing customer data
19:12:29.876 [main] INFO  testCases.TC_001_AccountRegistrationTest - Validating expected Message
19:12:29.879 [main] INFO  testCases.TC_001_AccountRegistrationTest - *** Finished TC_001_AccountRegistrationTest ***
19:12:31.976 [main] INFO  testCases.TC_002_LoginTest - *** Starting TC_002_LoginTest ***
19:12:32.706 [main] INFO  testCases.TC_002_LoginTest - Clicked on My Account
19:12:33.194 [main] INFO  testCases.TC_002_LoginTest - Clicked on login
19:12:33.292 [main] INFO  testCases.TC_002_LoginTest - Provide username and password for login
19:12:33.888 [main] INFO  testCases.TC_002_LoginTest - Clicked on Login button
19:12:33.970 [main] INFO  testCases.TC_002_LoginTest - *** finished TC_002_LoginTest ***
19:43:23.611 [main] INFO  testCases.TC_001_AccountRegistrationTest - *** Stating TC_001_AccountRegistrationTest ***
19:43:24.031 [main] INFO  testCases.TC_001_AccountRegistrationTest - Clicked on My Account link
19:43:24.724 [main] INFO  testCases.TC_001_AccountRegistrationTest - Clicked on Register link
19:43:24.744 [main] INFO  testCases.TC_001_AccountRegistrationTest - Providing customer data
19:43:28.002 [main] INFO  testCases.TC_001_AccountRegistrationTest - Validating expected Message
19:43:28.004 [main] INFO  testCases.TC_001_AccountRegistrationTest - *** Finished TC_001_AccountRegistrationTest ***
19:43:30.330 [main] INFO  testCases.TC_002_LoginTest - *** Starting TC_002_LoginTest ***
19:43:30.585 [main] INFO  testCases.TC_002_LoginTest - Clicked on My Account
19:43:31.032 [main] INFO  testCases.TC_002_LoginTest - Clicked on login
19:43:31.134 [main] INFO  testCases.TC_002_LoginTest - Provide username and password for login
19:43:31.699 [main] INFO  testCases.TC_002_LoginTest - Clicked on Login button
19:43:31.888 [main] INFO  testCases.TC_002_LoginTest - *** finished TC_002_LoginTest ***
20:00:09.346 [main] INFO  testCases.TC_001_AccountRegistrationTest - *** Stating TC_001_AccountRegistrationTest ***
20:00:09.692 [main] INFO  testCases.TC_001_AccountRegistrationTest - Clicked on My Account link
20:00:10.062 [main] INFO  testCases.TC_001_AccountRegistrationTest - Clicked on Register link
20:00:10.065 [main] INFO  testCases.TC_001_AccountRegistrationTest - Providing customer data
20:00:13.109 [main] INFO  testCases.TC_001_AccountRegistrationTest - Validating expected Message
20:00:13.110 [main] INFO  testCases.TC_001_AccountRegistrationTest - *** Finished TC_001_AccountRegistrationTest ***
20:00:14.811 [main] INFO  testCases.TC_002_LoginTest - *** Starting TC_002_LoginTest ***
20:00:15.138 [main] INFO  testCases.TC_002_LoginTest - Clicked on My Account
20:00:15.482 [main] INFO  testCases.TC_002_LoginTest - Clicked on login
20:00:15.485 [main] INFO  testCases.TC_002_LoginTest - Provide username and password for login
20:00:15.973 [main] INFO  testCases.TC_002_LoginTest - Clicked on Login button
20:00:16.031 [main] INFO  testCases.TC_002_LoginTest - *** finished TC_002_LoginTest ***
